#
# A fatal error has been detected by the Java Runtime Environment:
#
#  EXCEPTION_ACCESS_VIOLATION (0xc0000005) at pc=0x000000006822fe3b, pid=18260, tid=0x0000000000003e84
#
# JRE version: Java(TM) SE Runtime Environment (8.0_171-b11) (build 1.8.0_171-b11)
# Java VM: Java HotSpot(TM) 64-Bit Server VM (25.171-b11 mixed mode windows-amd64 compressed oops)
# Problematic frame:
# V  [jvm.dll+0x43fe3b]
#
# Failed to write core dump. Minidumps are not enabled by default on client versions of Windows
#
# If you would like to submit a bug report, please visit:
#   http://bugreport.java.com/bugreport/crash.jsp
#

---------------  T H R E A D  ---------------

Current thread (0x0000000018589800):  JavaThread "C1 CompilerThread2" daemon [_thread_in_native, id=16004, stack(0x0000000019000000,0x0000000019100000)]

siginfo: ExceptionCode=0xc0000005, reading address 0x0000000000000010

Registers:
RAX=0x00000000187f8bd0, RBX=0x0000000000000000, RCX=0x0000000000000000, RDX=0x00000000187f8e80
RSP=0x00000000190ff0f0, RBP=0x0000000000000000, RSI=0x00000000187f8e80, RDI=0x0000000000000000
R8 =0x00000000187f8f50, R9 =0x0000000000000000, R10=0x0000000000000001, R11=0x000000001aa98a90
R12=0x0000000000000001, R13=0x00000000187f8f50, R14=0x00000000190ff410, R15=0x0000000000000000
RIP=0x000000006822fe3b, EFLAGS=0x0000000000010202

Top of Stack: (sp=0x00000000190ff0f0)
0x00000000190ff0f0:   000000001720db20 000000001ca1c080
0x00000000190ff100:   000000001a8f0fc0 000000006822686b
0x00000000190ff110:   0000000000000000 0000000000000008
0x00000000190ff120:   00000000190ff410 00000000190ff410
0x00000000190ff130:   000000001a8f0fc0 000000006822ea85
0x00000000190ff140:   000000001a8f1030 00000000187f8e80
0x00000000190ff150:   000000001720dae0 000000001a8f0fc0
0x00000000190ff160:   000000000000c01b 000000001720db20
0x00000000190ff170:   000000001a8f0f80 00000000190ff410
0x00000000190ff180:   00000000187f8e80 000000006823466b
0x00000000190ff190:   ffffffffffffffff 00000000187f8e80
0x00000000190ff1a0:   00000000187f8f50 000000001a8f0f00
0x00000000190ff1b0:   00000000190ff220 0000000000000000
0x00000000190ff1c0:   0000000000000000 0000000067e2a9db
0x00000000190ff1d0:   ffffffffffffffff 000000001a8f0f80
0x00000000190ff1e0:   00000000187f8ae0 000000006822f239 

Instructions: (pc=0x000000006822fe3b)
0x000000006822fe1b:   30 02 00 00 45 8b 65 30 41 8b ff 45 85 e4 0f 8e
0x000000006822fe2b:   88 00 00 00 90 49 8b 45 38 48 63 cf 48 8b 1c c8
0x000000006822fe3b:   44 39 7b 10 75 62 48 8b 03 48 8b cb ff 50 20 48
0x000000006822fe4b:   85 c0 75 54 48 8b 03 48 8b cb ff 50 18 48 85 c0 


Register to memory mapping:

RAX=0x00000000187f8bd0 is an unknown value
RBX=0x0000000000000000 is an unknown value
RCX=0x0000000000000000 is an unknown value
RDX=0x00000000187f8e80 is an unknown value
RSP=0x00000000190ff0f0 is pointing into the stack for thread: 0x0000000018589800
RBP=0x0000000000000000 is an unknown value
RSI=0x00000000187f8e80 is an unknown value
RDI=0x0000000000000000 is an unknown value
R8 =0x00000000187f8f50 is an unknown value
R9 =0x0000000000000000 is an unknown value
R10=0x0000000000000001 is an unknown value
R11=0x000000001aa98a90 is an unknown value
R12=0x0000000000000001 is an unknown value
R13=0x00000000187f8f50 is an unknown value
R14=0x00000000190ff410 is pointing into the stack for thread: 0x0000000018589800
R15=0x0000000000000000 is an unknown value


Stack: [0x0000000019000000,0x0000000019100000],  sp=0x00000000190ff0f0,  free space=1020k
Native frames: (J=compiled Java code, j=interpreted, Vv=VM code, C=native code)


Current CompileTask:
C1: 266392 10344   !   3       com.alibaba.dubbo.remoting.transport.AbstractClient$1::run (168 bytes)


---------------  P R O C E S S  ---------------

Java Threads: ( => current thread )
  0x0000000021105800 JavaThread "DubboClientHandler-192.168.2.57:20880-thread-4" daemon [_thread_blocked, id=2816, stack(0x000000002cb10000,0x000000002cc10000)]
  0x000000002110a000 JavaThread "logback-6" daemon [_thread_blocked, id=7768, stack(0x000000002ca10000,0x000000002cb10000)]
  0x0000000021109000 JavaThread "logback-5" daemon [_thread_blocked, id=18384, stack(0x000000002c910000,0x000000002ca10000)]
  0x0000000021106000 JavaThread "logback-4" daemon [_thread_blocked, id=17112, stack(0x000000002c810000,0x000000002c910000)]
  0x0000000021107800 JavaThread "DubboResponseTimeoutScanTimer" daemon [_thread_blocked, id=11716, stack(0x000000002c310000,0x000000002c410000)]
  0x000000001e514800 JavaThread "logback-3" daemon [_thread_blocked, id=16504, stack(0x000000002bc90000,0x000000002bd90000)]
  0x000000001e513000 JavaThread "MessageBroker-4" [_thread_blocked, id=12080, stack(0x000000002bb90000,0x000000002bc90000)]
  0x000000001e512800 JavaThread "MessageBroker-3" [_thread_blocked, id=14848, stack(0x000000002ba90000,0x000000002bb90000)]
  0x000000001e515800 JavaThread "DestroyJavaVM" [_thread_blocked, id=17812, stack(0x0000000002400000,0x0000000002500000)]
  0x000000001e511800 JavaThread "http-nio-8002-AsyncTimeout" daemon [_thread_blocked, id=7928, stack(0x000000002b540000,0x000000002b640000)]
  0x000000001e514000 JavaThread "http-nio-8002-Acceptor-0" daemon [_thread_in_native, id=18240, stack(0x000000002b440000,0x000000002b540000)]
  0x000000001e50a000 JavaThread "http-nio-8002-ClientPoller-1" daemon [_thread_in_native, id=8348, stack(0x000000002b340000,0x000000002b440000)]
  0x000000001e511000 JavaThread "http-nio-8002-ClientPoller-0" daemon [_thread_in_native, id=17028, stack(0x000000002b240000,0x000000002b340000)]
  0x000000001e510000 JavaThread "http-nio-8002-exec-30" daemon [_thread_blocked, id=12596, stack(0x000000002b140000,0x000000002b240000)]
  0x000000001e509000 JavaThread "http-nio-8002-exec-29" daemon [_thread_blocked, id=12204, stack(0x000000002b040000,0x000000002b140000)]
  0x000000001e50f800 JavaThread "http-nio-8002-exec-28" daemon [_thread_blocked, id=15948, stack(0x000000002af40000,0x000000002b040000)]
  0x000000001e507800 JavaThread "http-nio-8002-exec-27" daemon [_thread_blocked, id=16800, stack(0x000000002ae40000,0x000000002af40000)]
  0x000000001e50e800 JavaThread "http-nio-8002-exec-26" daemon [_thread_blocked, id=14720, stack(0x000000002ad40000,0x000000002ae40000)]
  0x000000001e50e000 JavaThread "http-nio-8002-exec-25" daemon [_thread_blocked, id=10532, stack(0x000000002ac40000,0x000000002ad40000)]
  0x000000001e507000 JavaThread "http-nio-8002-exec-24" daemon [_thread_blocked, id=10996, stack(0x000000002ab40000,0x000000002ac40000)]
  0x000000001e50c800 JavaThread "http-nio-8002-exec-23" daemon [_thread_blocked, id=2992, stack(0x000000002aa40000,0x000000002ab40000)]
  0x000000001e506000 JavaThread "http-nio-8002-exec-22" daemon [_thread_blocked, id=1284, stack(0x000000002a940000,0x000000002aa40000)]
  0x000000001e50b800 JavaThread "http-nio-8002-exec-21" daemon [_thread_blocked, id=16452, stack(0x000000002a840000,0x000000002a940000)]
  0x000000001e50d000 JavaThread "http-nio-8002-exec-20" daemon [_thread_blocked, id=11888, stack(0x000000002a740000,0x000000002a840000)]
  0x000000001e50a800 JavaThread "http-nio-8002-exec-19" daemon [_thread_blocked, id=14300, stack(0x000000002a640000,0x000000002a740000)]
  0x000000001e508800 JavaThread "http-nio-8002-exec-18" daemon [_thread_blocked, id=2308, stack(0x000000002a540000,0x000000002a640000)]
  0x000000001ab92800 JavaThread "http-nio-8002-exec-17" daemon [_thread_blocked, id=17300, stack(0x000000002a440000,0x000000002a540000)]
  0x000000001ab8b800 JavaThread "http-nio-8002-exec-16" daemon [_thread_blocked, id=14316, stack(0x000000002a340000,0x000000002a440000)]
  0x000000001ab8f800 JavaThread "http-nio-8002-exec-15" daemon [_thread_blocked, id=15200, stack(0x000000002a240000,0x000000002a340000)]
  0x000000001ab8e000 JavaThread "http-nio-8002-exec-14" daemon [_thread_blocked, id=8248, stack(0x000000002a140000,0x000000002a240000)]
  0x000000001ab8c800 JavaThread "http-nio-8002-exec-13" daemon [_thread_blocked, id=7460, stack(0x000000002a040000,0x000000002a140000)]
  0x000000001ab91800 JavaThread "http-nio-8002-exec-12" daemon [_thread_blocked, id=12744, stack(0x0000000029f40000,0x000000002a040000)]
  0x000000001ab8e800 JavaThread "http-nio-8002-exec-11" daemon [_thread_blocked, id=596, stack(0x0000000029e40000,0x0000000029f40000)]
  0x000000001ab8d000 JavaThread "http-nio-8002-exec-10" daemon [_thread_blocked, id=3404, stack(0x0000000029d40000,0x0000000029e40000)]
  0x000000001ab90000 JavaThread "http-nio-8002-exec-9" daemon [_thread_blocked, id=1960, stack(0x0000000029c40000,0x0000000029d40000)]
  0x000000001ab91000 JavaThread "http-nio-8002-exec-8" daemon [_thread_blocked, id=15304, stack(0x0000000029b40000,0x0000000029c40000)]
  0x00000000210f8800 JavaThread "http-nio-8002-exec-7" daemon [_thread_blocked, id=14840, stack(0x0000000029a40000,0x0000000029b40000)]
  0x00000000210fd800 JavaThread "http-nio-8002-exec-6" daemon [_thread_blocked, id=3620, stack(0x0000000029940000,0x0000000029a40000)]
  0x000000001e26f800 JavaThread "http-nio-8002-exec-5" daemon [_thread_blocked, id=9924, stack(0x0000000029840000,0x0000000029940000)]
  0x000000001e26e000 JavaThread "http-nio-8002-exec-4" daemon [_thread_blocked, id=8400, stack(0x0000000029740000,0x0000000029840000)]
  0x000000001e26d000 JavaThread "http-nio-8002-exec-3" daemon [_thread_blocked, id=4576, stack(0x0000000029640000,0x0000000029740000)]
  0x000000001e26c800 JavaThread "http-nio-8002-exec-2" daemon [_thread_blocked, id=5204, stack(0x0000000029540000,0x0000000029640000)]
  0x000000001e26e800 JavaThread "http-nio-8002-exec-1" daemon [_thread_blocked, id=15320, stack(0x0000000029440000,0x0000000029540000)]
  0x000000001e26b800 JavaThread "NioBlockingSelector.BlockPoller-1" daemon [_thread_in_native, id=14688, stack(0x0000000029340000,0x0000000029440000)]
  0x000000001e263800 JavaThread "MessageBroker-2" [_thread_blocked, id=17976, stack(0x0000000029040000,0x0000000029140000)]
  0x000000001e264000 JavaThread "MessageBroker-1" [_thread_blocked, id=1836, stack(0x00000000289d0000,0x0000000028ad0000)]
  0x000000001e268800 JavaThread "dubbo-remoting-client-heartbeat-thread-2" daemon [_thread_blocked, id=17512, stack(0x0000000028350000,0x0000000028450000)]
  0x000000001e268000 JavaThread "New I/O client worker #1-2" daemon [_thread_in_native, id=13524, stack(0x0000000028150000,0x0000000028250000)]
  0x000000001e265000 JavaThread "DubboClientReconnectTimer-thread-2" daemon [_thread_blocked, id=10592, stack(0x0000000028050000,0x0000000028150000)]
  0x000000001e262800 JavaThread "dubbo-remoting-client-heartbeat-thread-1" daemon [_thread_blocked, id=14432, stack(0x0000000027f50000,0x0000000028050000)]
  0x000000001e266800 JavaThread "New I/O client worker #1-1" daemon [_thread_in_native, id=17692, stack(0x0000000027d50000,0x0000000027e50000)]
  0x000000001e265800 JavaThread "DubboClientReconnectTimer-thread-1" daemon [_thread_blocked, id=16536, stack(0x0000000027b50000,0x0000000027c50000)]
  0x000000001e262000 JavaThread "DubboSaveRegistryCache-thread-1" daemon [_thread_blocked, id=16632, stack(0x0000000027a50000,0x0000000027b50000)]
  0x00000000210ff000 JavaThread "Curator-Framework-0" daemon [_thread_blocked, id=7312, stack(0x0000000027850000,0x0000000027950000)]
  0x00000000210fd000 JavaThread "main-EventThread" daemon [_thread_blocked, id=18012, stack(0x0000000027750000,0x0000000027850000)]
  0x00000000210fb800 JavaThread "main-SendThread(127.0.0.1:2181)" daemon [_thread_in_native, id=16704, stack(0x0000000027650000,0x0000000027750000)]
  0x00000000210fa000 JavaThread "Curator-ConnectionStateManager-0" daemon [_thread_blocked, id=13764, stack(0x0000000027210000,0x0000000027310000)]
  0x00000000210fc000 JavaThread "DubboRegistryFailedRetryTimer-thread-1" daemon [_thread_blocked, id=17508, stack(0x0000000027110000,0x0000000027210000)]
  0x00000000210fa800 JavaThread "commons-pool-evictor-thread" [_thread_blocked, id=18032, stack(0x0000000027010000,0x0000000027110000)]
  0x00000000210f9000 JavaThread "container-0" [_thread_blocked, id=17336, stack(0x0000000026e10000,0x0000000026f10000)]
  0x00000000210fe800 JavaThread "ContainerBackgroundProcessor[StandardEngine[Tomcat]]" daemon [_thread_blocked, id=16580, stack(0x0000000026d10000,0x0000000026e10000)]
  0x000000001b453800 JavaThread "logback-2" daemon [_thread_blocked, id=17952, stack(0x000000001c2a0000,0x000000001c3a0000)]
  0x0000000018593000 JavaThread "Service Thread" daemon [_thread_blocked, id=9440, stack(0x0000000019100000,0x0000000019200000)]
=>0x0000000018589800 JavaThread "C1 CompilerThread2" daemon [_thread_in_native, id=16004, stack(0x0000000019000000,0x0000000019100000)]
  0x0000000018588800 JavaThread "C2 CompilerThread1" daemon [_thread_blocked, id=10096, stack(0x0000000018f00000,0x0000000019000000)]
  0x00000000171f7000 JavaThread "C2 CompilerThread0" daemon [_thread_blocked, id=18136, stack(0x0000000018e00000,0x0000000018f00000)]
  0x00000000171ea000 JavaThread "JDWP Command Reader" daemon [_thread_in_native, id=10504, stack(0x0000000018d00000,0x0000000018e00000)]
  0x00000000171e8800 JavaThread "JDWP Event Helper Thread" daemon [_thread_blocked, id=17788, stack(0x0000000018c00000,0x0000000018d00000)]
  0x00000000171e4800 JavaThread "JDWP Transport Listener: dt_socket" daemon [_thread_blocked, id=9660, stack(0x0000000018b00000,0x0000000018c00000)]
  0x00000000171d0800 JavaThread "Attach Listener" daemon [_thread_blocked, id=16792, stack(0x0000000018a00000,0x0000000018b00000)]
  0x0000000018543800 JavaThread "Signal Dispatcher" daemon [_thread_blocked, id=18004, stack(0x0000000018900000,0x0000000018a00000)]
  0x000000001719c800 JavaThread "Finalizer" daemon [_thread_blocked, id=16592, stack(0x0000000018400000,0x0000000018500000)]
  0x00000000026d6000 JavaThread "Reference Handler" daemon [_thread_blocked, id=14408, stack(0x0000000018300000,0x0000000018400000)]

Other Threads:
  0x0000000017178000 VMThread [stack: 0x0000000018200000,0x0000000018300000] [id=18176]
  0x00000000185cc000 WatcherThread [stack: 0x0000000019200000,0x0000000019300000] [id=10604]

VM state:not at safepoint (normal execution)

VM Mutex/Monitor currently owned by a thread: None

Heap:
 PSYoungGen      total 321024K, used 84955K [0x00000000d6100000, 0x00000000f3880000, 0x0000000100000000)
  eden space 303616K, 27% used [0x00000000d6100000,0x00000000db3f6ed0,0x00000000e8980000)
  from space 17408K, 0% used [0x00000000e8980000,0x00000000e8980000,0x00000000e9a80000)
  to   space 67072K, 0% used [0x00000000ef700000,0x00000000ef700000,0x00000000f3880000)
 ParOldGen       total 303616K, used 167615K [0x0000000082200000, 0x0000000094a80000, 0x00000000d6100000)
  object space 303616K, 55% used [0x0000000082200000,0x000000008c5afdf0,0x0000000094a80000)
 Metaspace       used 61709K, capacity 63424K, committed 63704K, reserved 1105920K
  class space    used 7275K, capacity 7568K, committed 7680K, reserved 1048576K

Card table byte_map: [0x0000000011aa0000,0x0000000011e90000] byte_map_base: 0x000000001168f000

Marking Bits: (ParMarkBitMap*) 0x00000000686108c0
 Begin Bits: [0x0000000012530000, 0x00000000144a8000)
 End Bits:   [0x00000000144a8000, 0x0000000016420000)

Polling page: 0x0000000002050000

CodeCache: size=245760Kb used=31450Kb max_used=31452Kb free=214309Kb
 bounds [0x00000000026e0000, 0x0000000004620000, 0x00000000116e0000]
 total_blobs=8581 nmethods=8045 adapters=454
 compilation: enabled

Compilation events (10 events):
Event: 260.727 Thread 0x0000000018589800 nmethod 10339 0x000000000368d9d0 code [0x000000000368db40, 0x000000000368dd88]
Event: 260.730 Thread 0x0000000018588800 10340       4       com.alibaba.com.caucho.hessian.io.Hessian2Output::printString (203 bytes)
Event: 260.732 Thread 0x0000000018588800 nmethod 10340 0x000000000368ba50 code [0x000000000368bbc0, 0x000000000368c0c8]
Event: 260.748 Thread 0x0000000018589800 10342       3       org.apache.coyote.http11.Http11OutputBuffer::write (93 bytes)
Event: 260.748 Thread 0x0000000018589800 nmethod 10342 0x000000000368c790 code [0x000000000368c960, 0x000000000368d5c8]
Event: 260.748 Thread 0x0000000018589800 10341   !   3       sun.nio.cs.ISO_8859_1$Encoder::encodeBufferLoop (135 bytes)
Event: 260.749 Thread 0x0000000018589800 nmethod 10341 0x00000000036893d0 code [0x0000000003689600, 0x000000000368a2c8]
Event: 260.749 Thread 0x0000000018589800 10343       3       org.apache.tomcat.util.buf.ByteChunk::getCharset (19 bytes)
Event: 260.749 Thread 0x0000000018589800 nmethod 10343 0x000000000368b6d0 code [0x000000000368b820, 0x000000000368b9d0]
Event: 266.331 Thread 0x0000000018589800 10344   !   3       com.alibaba.dubbo.remoting.transport.AbstractClient$1::run (168 bytes)

GC Heap History (10 events):
Event: 43.379 GC heap before
{Heap before GC invocations=16 (full 2):
 PSYoungGen      total 207872K, used 197600K [0x00000000d6100000, 0x00000000e7200000, 0x0000000100000000)
  eden space 193024K, 100% used [0x00000000d6100000,0x00000000e1d80000,0x00000000e1d80000)
  from space 14848K, 30% used [0x00000000e1d80000,0x00000000e21f8000,0x00000000e2c00000)
  to   space 14336K, 0% used [0x00000000e6400000,0x00000000e6400000,0x00000000e7200000)
 ParOldGen       total 93184K, used 30280K [0x0000000082200000, 0x0000000087d00000, 0x00000000d6100000)
  object space 93184K, 32% used [0x0000000082200000,0x0000000083f920a0,0x0000000087d00000)
 Metaspace       used 46535K, capacity 47584K, committed 47744K, reserved 1091584K
  class space    used 5536K, capacity 5721K, committed 5760K, reserved 1048576K
Event: 43.386 GC heap after
Heap after GC invocations=16 (full 2):
 PSYoungGen      total 248832K, used 6049K [0x00000000d6100000, 0x00000000e6a00000, 0x0000000100000000)
  eden space 242688K, 0% used [0x00000000d6100000,0x00000000d6100000,0x00000000e4e00000)
  from space 6144K, 98% used [0x00000000e6400000,0x00000000e69e8418,0x00000000e6a00000)
  to   space 13824K, 0% used [0x00000000e4f00000,0x00000000e4f00000,0x00000000e5c80000)
 ParOldGen       total 93184K, used 34464K [0x0000000082200000, 0x0000000087d00000, 0x00000000d6100000)
  object space 93184K, 36% used [0x0000000082200000,0x00000000843a80a0,0x0000000087d00000)
 Metaspace       used 46535K, capacity 47584K, committed 47744K, reserved 1091584K
  class space    used 5536K, capacity 5721K, committed 5760K, reserved 1048576K
}
Event: 45.728 GC heap before
{Heap before GC invocations=17 (full 2):
 PSYoungGen      total 248832K, used 248737K [0x00000000d6100000, 0x00000000e6a00000, 0x0000000100000000)
  eden space 242688K, 100% used [0x00000000d6100000,0x00000000e4e00000,0x00000000e4e00000)
  from space 6144K, 98% used [0x00000000e6400000,0x00000000e69e8418,0x00000000e6a00000)
  to   space 13824K, 0% used [0x00000000e4f00000,0x00000000e4f00000,0x00000000e5c80000)
 ParOldGen       total 93184K, used 34464K [0x0000000082200000, 0x0000000087d00000, 0x00000000d6100000)
  object space 93184K, 36% used [0x0000000082200000,0x00000000843a80a0,0x0000000087d00000)
 Metaspace       used 49727K, capacity 51040K, committed 51328K, reserved 1093632K
  class space    used 5958K, capacity 6185K, committed 6272K, reserved 1048576K
Event: 45.759 GC heap after
Heap after GC invocations=17 (full 2):
 PSYoungGen      total 257536K, used 13811K [0x00000000d6100000, 0x00000000eaa80000, 0x0000000100000000)
  eden space 243712K, 0% used [0x00000000d6100000,0x00000000d6100000,0x00000000e4f00000)
  from space 13824K, 99% used [0x00000000e4f00000,0x00000000e5c7cd68,0x00000000e5c80000)
  to   space 16384K, 0% used [0x00000000e9a80000,0x00000000e9a80000,0x00000000eaa80000)
 ParOldGen       total 93184K, used 36129K [0x0000000082200000, 0x0000000087d00000, 0x00000000d6100000)
  object space 93184K, 38% used [0x0000000082200000,0x0000000084548568,0x0000000087d00000)
 Metaspace       used 49727K, capacity 51040K, committed 51328K, reserved 1093632K
  class space    used 5958K, capacity 6185K, committed 6272K, reserved 1048576K
}
Event: 48.251 GC heap before
{Heap before GC invocations=18 (full 2):
 PSYoungGen      total 257536K, used 257523K [0x00000000d6100000, 0x00000000eaa80000, 0x0000000100000000)
  eden space 243712K, 100% used [0x00000000d6100000,0x00000000e4f00000,0x00000000e4f00000)
  from space 13824K, 99% used [0x00000000e4f00000,0x00000000e5c7cd68,0x00000000e5c80000)
  to   space 16384K, 0% used [0x00000000e9a80000,0x00000000e9a80000,0x00000000eaa80000)
 ParOldGen       total 93184K, used 36129K [0x0000000082200000, 0x0000000087d00000, 0x00000000d6100000)
  object space 93184K, 38% used [0x0000000082200000,0x0000000084548568,0x0000000087d00000)
 Metaspace       used 54047K, capacity 55388K, committed 55680K, reserved 1097728K
  class space    used 6478K, capacity 6707K, committed 6784K, reserved 1048576K
Event: 48.280 GC heap after
Heap after GC invocations=18 (full 2):
 PSYoungGen      total 320000K, used 13277K [0x00000000d6100000, 0x00000000ead00000, 0x0000000100000000)
  eden space 303616K, 0% used [0x00000000d6100000,0x00000000d6100000,0x00000000e8980000)
  from space 16384K, 81% used [0x00000000e9a80000,0x00000000ea7777c8,0x00000000eaa80000)
  to   space 17408K, 0% used [0x00000000e8980000,0x00000000e8980000,0x00000000e9a80000)
 ParOldGen       total 93184K, used 48781K [0x0000000082200000, 0x0000000087d00000, 0x00000000d6100000)
  object space 93184K, 52% used [0x0000000082200000,0x00000000851a3630,0x0000000087d00000)
 Metaspace       used 54047K, capacity 55388K, committed 55680K, reserved 1097728K
  class space    used 6478K, capacity 6707K, committed 6784K, reserved 1048576K
}
Event: 65.057 GC heap before
{Heap before GC invocations=19 (full 2):
 PSYoungGen      total 320000K, used 265106K [0x00000000d6100000, 0x00000000ead00000, 0x0000000100000000)
  eden space 303616K, 82% used [0x00000000d6100000,0x00000000e56ed048,0x00000000e8980000)
  from space 16384K, 81% used [0x00000000e9a80000,0x00000000ea7777c8,0x00000000eaa80000)
  to   space 17408K, 0% used [0x00000000e8980000,0x00000000e8980000,0x00000000e9a80000)
 ParOldGen       total 93184K, used 48781K [0x0000000082200000, 0x0000000087d00000, 0x00000000d6100000)
  object space 93184K, 52% used [0x0000000082200000,0x00000000851a3630,0x0000000087d00000)
 Metaspace       used 57655K, capacity 58968K, committed 59096K, reserved 1101824K
  class space    used 6880K, capacity 7130K, committed 7168K, reserved 1048576K
Event: 65.111 GC heap after
Heap after GC invocations=19 (full 2):
 PSYoungGen      total 321024K, used 17405K [0x00000000d6100000, 0x00000000f3880000, 0x0000000100000000)
  eden space 303616K, 0% used [0x00000000d6100000,0x00000000d6100000,0x00000000e8980000)
  from space 17408K, 99% used [0x00000000e8980000,0x00000000e9a7f6a0,0x00000000e9a80000)
  to   space 67072K, 0% used [0x00000000ef700000,0x00000000ef700000,0x00000000f3880000)
 ParOldGen       total 176128K, used 175764K [0x0000000082200000, 0x000000008ce00000, 0x00000000d6100000)
  object space 176128K, 99% used [0x0000000082200000,0x000000008cda5018,0x000000008ce00000)
 Metaspace       used 57655K, capacity 58968K, committed 59096K, reserved 1101824K
  class space    used 6880K, capacity 7130K, committed 7168K, reserved 1048576K
}
Event: 65.111 GC heap before
{Heap before GC invocations=20 (full 3):
 PSYoungGen      total 321024K, used 17405K [0x00000000d6100000, 0x00000000f3880000, 0x0000000100000000)
  eden space 303616K, 0% used [0x00000000d6100000,0x00000000d6100000,0x00000000e8980000)
  from space 17408K, 99% used [0x00000000e8980000,0x00000000e9a7f6a0,0x00000000e9a80000)
  to   space 67072K, 0% used [0x00000000ef700000,0x00000000ef700000,0x00000000f3880000)
 ParOldGen       total 176128K, used 175764K [0x0000000082200000, 0x000000008ce00000, 0x00000000d6100000)
  object space 176128K, 99% used [0x0000000082200000,0x000000008cda5018,0x000000008ce00000)
 Metaspace       used 57655K, capacity 58968K, committed 59096K, reserved 1101824K
  class space    used 6880K, capacity 7130K, committed 7168K, reserved 1048576K
Event: 65.305 GC heap after
Heap after GC invocations=20 (full 3):
 PSYoungGen      total 321024K, used 0K [0x00000000d6100000, 0x00000000f3880000, 0x0000000100000000)
  eden space 303616K, 0% used [0x00000000d6100000,0x00000000d6100000,0x00000000e8980000)
  from space 17408K, 0% used [0x00000000e8980000,0x00000000e8980000,0x00000000e9a80000)
  to   space 67072K, 0% used [0x00000000ef700000,0x00000000ef700000,0x00000000f3880000)
 ParOldGen       total 303616K, used 167615K [0x0000000082200000, 0x0000000094a80000, 0x00000000d6100000)
  object space 303616K, 55% used [0x0000000082200000,0x000000008c5afdf0,0x0000000094a80000)
 Metaspace       used 57655K, capacity 58968K, committed 59096K, reserved 1101824K
  class space    used 6880K, capacity 7130K, committed 7168K, reserved 1048576K
}

Deoptimization events (10 events):
Event: 200.719 Thread 0x000000001ab91000 Uncommon trap: reason=range_check action=none pc=0x00000000029d9d9c method=sun.reflect.generics.parser.SignatureParser.current()C @ 34
Event: 200.720 Thread 0x000000001ab91000 Uncommon trap: reason=range_check action=none pc=0x00000000029d9d9c method=sun.reflect.generics.parser.SignatureParser.current()C @ 34
Event: 200.720 Thread 0x000000001ab91000 Uncommon trap: reason=range_check action=none pc=0x00000000029d9d9c method=sun.reflect.generics.parser.SignatureParser.current()C @ 34
Event: 200.737 Thread 0x000000001ab91000 Uncommon trap: reason=unhandled action=none pc=0x00000000038429ac method=java.lang.Class.getDeclaredMethod(Ljava/lang/String;[Ljava/lang/Class;)Ljava/lang/reflect/Method; @ 64
Event: 200.737 Thread 0x000000001ab91000 Uncommon trap: reason=unhandled action=none pc=0x00000000038429ac method=java.lang.Class.getDeclaredMethod(Ljava/lang/String;[Ljava/lang/Class;)Ljava/lang/reflect/Method; @ 64
Event: 260.727 Thread 0x000000001ab8e800 Uncommon trap: reason=range_check action=none pc=0x00000000029d9d9c method=sun.reflect.generics.parser.SignatureParser.current()C @ 34
Event: 260.727 Thread 0x000000001ab8e800 Uncommon trap: reason=range_check action=none pc=0x00000000029d9d9c method=sun.reflect.generics.parser.SignatureParser.current()C @ 34
Event: 260.727 Thread 0x000000001ab8e800 Uncommon trap: reason=range_check action=none pc=0x00000000029d9d9c method=sun.reflect.generics.parser.SignatureParser.current()C @ 34
Event: 260.747 Thread 0x000000001ab8e800 Uncommon trap: reason=unhandled action=none pc=0x00000000038429ac method=java.lang.Class.getDeclaredMethod(Ljava/lang/String;[Ljava/lang/Class;)Ljava/lang/reflect/Method; @ 64
Event: 260.747 Thread 0x000000001ab8e800 Uncommon trap: reason=unhandled action=none pc=0x00000000038429ac method=java.lang.Class.getDeclaredMethod(Ljava/lang/String;[Ljava/lang/Class;)Ljava/lang/reflect/Method; @ 64

Classes redefined (0 events):
No events

Internal exceptions (10 events):
Event: 140.727 Thread 0x000000001ab8d000 Exception <a 'java/lang/ArrayIndexOutOfBoundsException': 31> (0x00000000dae9b580) thrown at [C:\re\workspace\8-2-build-windows-amd64-cygwin\jdk8u171\10807\hotspot\src\share\vm\interpreter\interpreterRuntime.cpp, line 366]
Event: 140.728 Thread 0x000000001ab8d000 Exception <a 'java/lang/ArrayIndexOutOfBoundsException': 28> (0x00000000dae9df90) thrown at [C:\re\workspace\8-2-build-windows-amd64-cygwin\jdk8u171\10807\hotspot\src\share\vm\interpreter\interpreterRuntime.cpp, line 366]
Event: 166.106 Thread 0x000000001e268000 Exception <a 'java/lang/NullPointerException'> (0x00000000dabc4068) thrown at [C:\re\workspace\8-2-build-windows-amd64-cygwin\jdk8u171\10807\hotspot\src\share\vm\interpreter\linkResolver.cpp, line 1185]
Event: 200.720 Thread 0x000000001ab91000 Exception <a 'java/lang/ArrayIndexOutOfBoundsException': 28> (0x00000000db0758b8) thrown at [C:\re\workspace\8-2-build-windows-amd64-cygwin\jdk8u171\10807\hotspot\src\share\vm\interpreter\interpreterRuntime.cpp, line 366]
Event: 200.720 Thread 0x000000001ab91000 Exception <a 'java/lang/ArrayIndexOutOfBoundsException': 31> (0x00000000db079118) thrown at [C:\re\workspace\8-2-build-windows-amd64-cygwin\jdk8u171\10807\hotspot\src\share\vm\interpreter\interpreterRuntime.cpp, line 366]
Event: 200.720 Thread 0x000000001ab91000 Exception <a 'java/lang/ArrayIndexOutOfBoundsException': 28> (0x00000000db07bb28) thrown at [C:\re\workspace\8-2-build-windows-amd64-cygwin\jdk8u171\10807\hotspot\src\share\vm\interpreter\interpreterRuntime.cpp, line 366]
Event: 226.110 Thread 0x000000001e268000 Exception <a 'java/lang/NullPointerException'> (0x00000000dafbcb10) thrown at [C:\re\workspace\8-2-build-windows-amd64-cygwin\jdk8u171\10807\hotspot\src\share\vm\interpreter\linkResolver.cpp, line 1185]
Event: 260.727 Thread 0x000000001ab8e800 Exception <a 'java/lang/ArrayIndexOutOfBoundsException': 28> (0x00000000db23cfe0) thrown at [C:\re\workspace\8-2-build-windows-amd64-cygwin\jdk8u171\10807\hotspot\src\share\vm\interpreter\interpreterRuntime.cpp, line 366]
Event: 260.727 Thread 0x000000001ab8e800 Exception <a 'java/lang/ArrayIndexOutOfBoundsException': 31> (0x00000000db240840) thrown at [C:\re\workspace\8-2-build-windows-amd64-cygwin\jdk8u171\10807\hotspot\src\share\vm\interpreter\interpreterRuntime.cpp, line 366]
Event: 260.727 Thread 0x000000001ab8e800 Exception <a 'java/lang/ArrayIndexOutOfBoundsException': 28> (0x00000000db243250) thrown at [C:\re\workspace\8-2-build-windows-amd64-cygwin\jdk8u171\10807\hotspot\src\share\vm\interpreter\interpreterRuntime.cpp, line 366]

Events (10 events):
Event: 260.747 Thread 0x000000001ab8e800 Uncommon trap: trap_request=0xffffffa7 fr.pc=0x00000000038429ac
Event: 260.747 Thread 0x000000001ab8e800 DEOPT PACKING pc=0x00000000038429ac sp=0x0000000029f3d460
Event: 260.747 Thread 0x000000001ab8e800 DEOPT UNPACKING pc=0x000000000272583b sp=0x0000000029f3d498 mode 2
Event: 260.747 Thread 0x000000001ab8e800 DEOPT PACKING pc=0x0000000004301a80 sp=0x0000000029f3d540
Event: 260.747 Thread 0x000000001ab8e800 DEOPT UNPACKING pc=0x0000000002727890 sp=0x0000000029f3d3a8 mode 1
Event: 260.747 Thread 0x000000001ab8e800 Uncommon trap: trap_request=0xffffffa7 fr.pc=0x00000000038429ac
Event: 260.747 Thread 0x000000001ab8e800 DEOPT PACKING pc=0x00000000038429ac sp=0x0000000029f3d260
Event: 260.747 Thread 0x000000001ab8e800 DEOPT UNPACKING pc=0x000000000272583b sp=0x0000000029f3d298 mode 2
Event: 260.747 Thread 0x000000001ab8e800 DEOPT PACKING pc=0x0000000004301a80 sp=0x0000000029f3d340
Event: 260.747 Thread 0x000000001ab8e800 DEOPT UNPACKING pc=0x0000000002727890 sp=0x0000000029f3d1a8 mode 1


Dynamic libraries:
0x00007ff74a650000 - 0x00007ff74a687000 	C:\Program Files\Java\jre1.8.0_171\bin\javaw.exe
0x00007ffd30040000 - 0x00007ffd30212000 	C:\windows\SYSTEM32\ntdll.dll
0x00007ffd2d5d0000 - 0x00007ffd2d67c000 	C:\windows\System32\KERNEL32.DLL
0x00007ffd2ca00000 - 0x00007ffd2cc1d000 	C:\windows\System32\KERNELBASE.dll
0x00007ffd2d6f0000 - 0x00007ffd2d792000 	C:\windows\System32\ADVAPI32.dll
0x00007ffd2dc10000 - 0x00007ffd2dcae000 	C:\windows\System32\msvcrt.dll
0x00007ffd2d570000 - 0x00007ffd2d5c9000 	C:\windows\System32\sechost.dll
0x00007ffd2e420000 - 0x00007ffd2e541000 	C:\windows\System32\RPCRT4.dll
0x00007ffd2e2b0000 - 0x00007ffd2e415000 	C:\windows\System32\USER32.dll
0x00007ffd2cf20000 - 0x00007ffd2cf3e000 	C:\windows\System32\win32u.dll
0x00007ffd2da10000 - 0x00007ffd2da44000 	C:\windows\System32\GDI32.dll
0x00007ffd2cda0000 - 0x00007ffd2cf20000 	C:\windows\System32\gdi32full.dll
0x00007ffd1fe40000 - 0x00007ffd200ba000 	C:\windows\WinSxS\amd64_microsoft.windows.common-controls_6595b64144ccf1df_6.0.14393.953_none_42151e83c686086b\COMCTL32.dll
0x00007ffd2dd90000 - 0x00007ffd2e058000 	C:\windows\System32\combase.dll
0x00007ffd2d260000 - 0x00007ffd2d355000 	C:\windows\System32\ucrtbase.dll
0x00007ffd2cd30000 - 0x00007ffd2cd9a000 	C:\windows\System32\bcryptPrimitives.dll
0x00007ffd2e120000 - 0x00007ffd2e14e000 	C:\windows\System32\IMM32.DLL
0x00000000670a0000 - 0x0000000067172000 	C:\Program Files\Java\jre1.8.0_171\bin\msvcr100.dll
0x0000000067df0000 - 0x0000000068690000 	C:\Program Files\Java\jre1.8.0_171\bin\server\jvm.dll
0x00007ffd2c2f0000 - 0x00007ffd2c313000 	C:\windows\System32\WINMM.dll
0x00007ffd2c2a0000 - 0x00007ffd2c2cb000 	C:\windows\System32\WINMMBASE.dll
0x00007ffd2d1c0000 - 0x00007ffd2d202000 	C:\windows\System32\cfgmgr32.dll
0x00007ffd2fc00000 - 0x00007ffd2fc08000 	C:\windows\System32\PSAPI.DLL
0x00007ffd20130000 - 0x00007ffd20139000 	C:\windows\SYSTEM32\WSOCK32.dll
0x00007ffd2d680000 - 0x00007ffd2d6ea000 	C:\windows\System32\WS2_32.dll
0x00007ffd2b890000 - 0x00007ffd2b89a000 	C:\windows\SYSTEM32\VERSION.dll
0x0000000067d00000 - 0x0000000067d0f000 	C:\Program Files\Java\jre1.8.0_171\bin\verify.dll
0x0000000067cd0000 - 0x0000000067cf9000 	C:\Program Files\Java\jre1.8.0_171\bin\java.dll
0x0000000067060000 - 0x0000000067095000 	C:\Program Files\Java\jre1.8.0_171\bin\jdwp.dll
0x0000000067050000 - 0x0000000067058000 	C:\Program Files\Java\jre1.8.0_171\bin\npt.dll
0x0000000067c80000 - 0x0000000067c96000 	C:\Program Files\Java\jre1.8.0_171\bin\zip.dll
0x00007ffd2e5b0000 - 0x00007ffd2fab8000 	C:\windows\System32\SHELL32.dll
0x00007ffd2c320000 - 0x00007ffd2c9fa000 	C:\windows\System32\windows.storage.dll
0x00007ffd2d210000 - 0x00007ffd2d25c000 	C:\windows\System32\powrprof.dll
0x00007ffd2e550000 - 0x00007ffd2e5a2000 	C:\windows\System32\shlwapi.dll
0x00007ffd2c2d0000 - 0x00007ffd2c2df000 	C:\windows\System32\kernel.appcore.dll
0x00007ffd2d360000 - 0x00007ffd2d409000 	C:\windows\System32\shcore.dll
0x00007ffd2c280000 - 0x00007ffd2c294000 	C:\windows\System32\profapi.dll
0x0000000067040000 - 0x0000000067049000 	C:\Program Files\Java\jre1.8.0_171\bin\dt_socket.dll
0x00007ffd18760000 - 0x00007ffd18776000 	C:\windows\system32\napinsp.dll
0x00007ffd18740000 - 0x00007ffd1875a000 	C:\windows\system32\pnrpnsp.dll
0x00007ffd295e0000 - 0x00007ffd295f8000 	C:\windows\system32\NLAapi.dll
0x00007ffd2b790000 - 0x00007ffd2b7ec000 	C:\windows\System32\mswsock.dll
0x00007ffd2b540000 - 0x00007ffd2b5e1000 	C:\windows\SYSTEM32\DNSAPI.dll
0x00007ffd2e100000 - 0x00007ffd2e108000 	C:\windows\System32\NSI.dll
0x00007ffd2b500000 - 0x00007ffd2b538000 	C:\windows\SYSTEM32\IPHLPAPI.DLL
0x00007ffd18720000 - 0x00007ffd1872e000 	C:\windows\System32\winrnr.dll
0x00007ffd27510000 - 0x00007ffd2757a000 	C:\windows\System32\fwpuclnt.dll
0x00007ffd2c1c0000 - 0x00007ffd2c1eb000 	C:\windows\SYSTEM32\bcrypt.dll
0x00007ffd20660000 - 0x00007ffd2066a000 	C:\Windows\System32\rasadhlp.dll
0x0000000067be0000 - 0x0000000067bed000 	C:\Program Files\Java\jre1.8.0_171\bin\management.dll
0x0000000067c60000 - 0x0000000067c7a000 	C:\Program Files\Java\jre1.8.0_171\bin\net.dll
0x0000000067c40000 - 0x0000000067c51000 	C:\Program Files\Java\jre1.8.0_171\bin\nio.dll
0x00007ffd2bbf0000 - 0x00007ffd2bc07000 	C:\windows\SYSTEM32\CRYPTSP.dll
0x00007ffd2b380000 - 0x00007ffd2b3b3000 	C:\windows\system32\rsaenh.dll
0x00007ffd2b5f0000 - 0x00007ffd2b60f000 	C:\windows\SYSTEM32\USERENV.dll
0x00007ffd2b9e0000 - 0x00007ffd2b9eb000 	C:\windows\SYSTEM32\CRYPTBASE.dll
0x00007ffd27bb0000 - 0x00007ffd27bc6000 	C:\windows\SYSTEM32\dhcpcsvc6.DLL
0x00007ffd27fb0000 - 0x00007ffd27fca000 	C:\windows\SYSTEM32\dhcpcsvc.DLL
0x0000000067c10000 - 0x0000000067c34000 	C:\Program Files\Java\jre1.8.0_171\bin\sunec.dll
0x00007ffd12860000 - 0x00007ffd129f2000 	C:\windows\SYSTEM32\dbghelp.dll

VM Arguments:
jvm_args: -agentlib:jdwp=transport=dt_socket,suspend=y,address=localhost:50458 -Dfile.encoding=UTF-8 
java_command: com.hdvon.nmp.NmpWebApp
java_class_path (initial): C:\Program Files\Java\jre1.8.0_171\lib\resources.jar;C:\Program Files\Java\jre1.8.0_171\lib\rt.jar;C:\Program Files\Java\jre1.8.0_171\lib\jsse.jar;C:\Program Files\Java\jre1.8.0_171\lib\jce.jar;C:\Program Files\Java\jre1.8.0_171\lib\charsets.jar;C:\Program Files\Java\jre1.8.0_171\lib\jfr.jar;C:\Program Files\Java\jre1.8.0_171\lib\ext\access-bridge-64.jar;C:\Program Files\Java\jre1.8.0_171\lib\ext\cldrdata.jar;C:\Program Files\Java\jre1.8.0_171\lib\ext\dnsns.jar;C:\Program Files\Java\jre1.8.0_171\lib\ext\jaccess.jar;C:\Program Files\Java\jre1.8.0_171\lib\ext\jfxrt.jar;C:\Program Files\Java\jre1.8.0_171\lib\ext\localedata.jar;C:\Program Files\Java\jre1.8.0_171\lib\ext\nashorn.jar;C:\Program Files\Java\jre1.8.0_171\lib\ext\sunec.jar;C:\Program Files\Java\jre1.8.0_171\lib\ext\sunjce_provider.jar;C:\Program Files\Java\jre1.8.0_171\lib\ext\sunmscapi.jar;C:\Program Files\Java\jre1.8.0_171\lib\ext\sunpkcs11.jar;C:\Program Files\Java\jre1.8.0_171\lib\ext\zipfs.jar;F:\git\nmp_java\nmp\nmp-web\target\classes;C:\Users\Administrator\.m2\repository\com\alibaba\boot\dubbo-spring-boot-starter\0.1.1\dubbo-spring-boot-starter-0.1.1.jar;C:\Users\Administrator\.m2\repository\org\springframework\boot\spring-boot-starter\1.5.10.RELEASE\spring-boot-starter-1.5.10.RELEASE.jar;C:\Users\Administrator\.m2\repository\org\springframework\boot\spring-boot\1.5.10.RELEASE\spring-boot-1.5.10.RELEASE.jar;C:\Users\Administrator\.m2\repository\org\springframework\boot\spring-boot-autoconfigure\1.5.10.RELEASE\spring-boot-autoconfigure-1.5.10.RELEASE.jar;C:\Users\Administrator\.m2\repository\org\yaml\snakeyaml\1.17\snakeyaml-1.17.jar;C:\Users\Administrator\.m2\repository\com\alibaba\dubbo\2.6.2\dubbo-2.6.2.jar;C:\Users\Administrator\.m2\repository\org\springframework\spring-context\4.3.14.RELEASE\spring-context-4.3.14.RELEASE.jar;C:\Users\Administrator\.m2\repository\org\javassist\javassist\3.21.0-GA\javassist-3.21.0-GA.jar;C:\Users\Administrator\.m2\repository\org\jboss\net
Launcher Type: SUN_STANDARD

Environment Variables:
JAVA_HOME=C:\Program Files\Java\jdk1.8.0_171
CLASSPATH=.;C:\Program Files\Java\jdk1.8.0_171\lib\dt.jar;C:\Program Files\Java\jdk1.8.0_171\lib\tools.jar;
PATH=C:/Program Files/Java/jre1.8.0_171/bin/server;C:/Program Files/Java/jre1.8.0_171/bin;C:/Program Files/Java/jre1.8.0_171/lib/amd64;C:\Program Files (x86)\Common Files\Oracle\Java\javapath;C:\windows\system32;C:\windows;C:\windows\System32\Wbem;C:\windows\System32\WindowsPowerShell\v1.0\;C:\Program Files\Java\jdk1.8.0_171\bin;C:\Program Files\Java\jdk1.8.0_171\jre\bin;E:\maven\apache-maven-3.5.3\bin;d:\Program Files\Git\cmd;D:\Program Files\TortoiseGit\bin;D:\Program Files\nodejs\;C:\Users\Administrator\AppData\Local\Microsoft\WindowsApps;C:\Users\Administrator\AppData\Roaming\npm;C:\Users\Administrator\Desktop;
USERNAME=Administrator
OS=Windows_NT
PROCESSOR_IDENTIFIER=Intel64 Family 6 Model 158 Stepping 9, GenuineIntel



---------------  S Y S T E M  ---------------

OS: Windows 10.0 , 64 bit Build 14393 (10.0.14393.1198)

CPU:total 4 (initial active 4) (4 cores per cpu, 1 threads per core) family 6 model 158 stepping 9, cmov, cx8, fxsr, mmx, sse, sse2, sse3, ssse3, sse4.1, sse4.2, popcnt, avx, avx2, aes, clmul, erms, rtm, 3dnowpref, lzcnt, tsc, tscinvbit, bmi1, bmi2, adx

Memory: 4k page, physical 8248784k(2338464k free), swap 16637392k(5844432k free)

vm_info: Java HotSpot(TM) 64-Bit Server VM (25.171-b11) for windows-amd64 JRE (1.8.0_171-b11), built on Mar 28 2018 16:06:12 by "java_re" with MS VC++ 10.0 (VS2010)

time: Wed Nov 28 19:32:07 2018
elapsed time: 266 seconds (0d 0h 4m 26s)

